<?xml version="1.0" encoding="UTF-8"?>
<!-- Generated by org.testng.reporters.JUnitReportReporter -->
<testsuite hostname="WKWZTOteBrBRFTO" failures="0" tests="3" name="API_TestScripts.TestGoRest_API" time="2.383" errors="0" timestamp="2025-08-10T15:57:06 IST" skipped="0">
  <testcase classname="API_TestScripts.TestGoRest_API" name="test_GET" time="1.254"/>
  <testcase classname="API_TestScripts.TestGoRest_API" name="test_POST" time="0.654"/>
  <testcase classname="API_TestScripts.TestGoRest_API" name="test_DeleteUser" time="0.475"/>
</testsuite> <!-- API_TestScripts.TestGoRest_API -->
