<?xml version="1.0" encoding="UTF-8"?>
<!-- Generated by org.testng.reporters.JUnitReportReporter -->
<testsuite hostname="LAPTOP-5UUPE4S0" failures="0" tests="3" name="API_TestScripts.TestGoRest_API" time="2.709" errors="0" timestamp="2025-08-10T18:35:58 IST" skipped="0">
  <testcase classname="API_TestScripts.TestGoRest_API" name="test_GET" time="1.399"/>
  <testcase classname="API_TestScripts.TestGoRest_API" name="test_POST" time="0.848"/>
  <testcase classname="API_TestScripts.TestGoRest_API" name="test_DeleteUser" time="0.462"/>
</testsuite> <!-- API_TestScripts.TestGoRest_API -->
