<?xml version="1.0" encoding="UTF-8"?>
<!-- Generated by org.testng.reporters.JUnitReportReporter -->
<testsuite hostname="WKWZTOteBrBRFTO" failures="0" tests="3" name="API_TestScripts.TestScripts" time="2.788" errors="0" timestamp="2025-08-08T16:40:02 IST" skipped="0">
  <testcase classname="API_TestScripts.TestScripts" name="test_GET" time="1.497"/>
  <testcase classname="API_TestScripts.TestScripts" name="test_POST" time="0.781"/>
  <testcase classname="API_TestScripts.TestScripts" name="test_Delete_User" time="0.510"/>
</testsuite> <!-- API_TestScripts.TestScripts -->
