<?xml version="1.0" encoding="UTF-8"?>
<!-- Generated by org.testng.reporters.JUnitReportReporter -->
<testsuite hostname="WKWZTOteBrBRFTO" failures="0" tests="3" name="API_TestScripts.TestGoRest_API" time="2.189" errors="0" timestamp="2025-08-09T14:36:34 IST" skipped="0">
  <testcase classname="API_TestScripts.TestGoRest_API" name="test_GET" time="1.114"/>
  <testcase classname="API_TestScripts.TestGoRest_API" name="test_POST" time="0.637"/>
  <testcase classname="API_TestScripts.TestGoRest_API" name="test_DeleteUser" time="0.438"/>
</testsuite> <!-- API_TestScripts.TestGoRest_API -->
